[2025-11-01 12:55:11] [[32minfo[39m]: Server listening on 3000
[2025-11-01 12:57:04] [[32minfo[39m]: Server listening on 3000
[2025-11-01 12:58:12] [[32minfo[39m]: Server listening on 3000
[2025-11-01 13:01:33] [[32minfo[39m]: Server listening on 3000
[2025-11-01 13:01:59] [[32minfo[39m]: Server listening on 3000
[2025-11-01 13:02:48] [[32minfo[39m]: Server listening on 3000
[2025-11-01 13:03:25] [[32minfo[39m]: Server listening on 3000
[2025-11-01 13:03:36] [[32minfo[39m]: Server listening on 3000
[2025-11-01 13:03:48] [[32minfo[39m]: GET /users - 0 rekord(s) sent. |18ms
[2025-11-01 13:07:01] [[32minfo[39m]: GET /users - 5 rekord(s) sent. |2ms
[2025-11-01 13:21:28] [[32minfo[39m]: Server listening on 3000
[2025-11-01 13:27:22] [[32minfo[39m]: Server listening on 3000
[2025-11-01 13:27:56] [[32minfo[39m]: Server listening on 3000
[2025-11-01 13:30:27] [[32minfo[39m]: Server listening on 3000
[2025-11-01 13:31:16] [[32minfo[39m]: Server listening on 3000
[2025-11-01 13:32:51] [[32minfo[39m]: Server listening on 3000
[2025-11-01 13:33:04] [[32minfo[39m]: Server listening on 3000
[2025-11-01 13:33:12] [[32minfo[39m]: Server listening on 3000
[2025-11-01 13:34:01] [[32minfo[39m]: Server listening on 3000
[2025-11-01 13:34:27] [[32minfo[39m]: Server listening on 3000
[2025-11-01 13:39:26] [[32minfo[39m]: Server listening on 3000
[2025-11-01 13:41:08] [[32minfo[39m]: Server listening on 3000
[2025-11-01 13:42:07] [[32minfo[39m]: Server listening on 3000
[2025-11-01 13:42:09] [[32minfo[39m]: Server listening on 3000
[2025-11-01 13:42:52] [[32minfo[39m]: Server listening on 3000
[2025-11-01 13:43:13] [[32minfo[39m]: Server listening on 3000
[2025-11-01 13:44:04] [[32minfo[39m]: Server listening on 3000
[2025-11-01 13:44:09] [[32minfo[39m]: Server listening on 3000
[2025-11-01 13:44:21] [[32minfo[39m]: Server listening on 3000
[2025-11-01 13:44:33] [[32minfo[39m]: Server listening on 3000
[2025-11-01 13:46:28] [[32minfo[39m]: Server listening on 3000
[2025-11-01 13:49:46] [[32minfo[39m]: Server listening on 3000
[2025-11-01 13:50:15] [[32minfo[39m]: Server listening on 3000
[2025-11-01 13:50:18] [[32minfo[39m]: Server listening on 3000
[2025-11-01 13:56:00] [[32minfo[39m]: Server listening on 3000
[2025-11-01 14:03:20] [[32minfo[39m]: Server listening on 3000
[2025-11-01 14:03:55] [[32minfo[39m]: Server listening on 3000
[2025-11-01 14:03:59] [[32minfo[39m]: Server listening on 3000
[2025-11-01 14:04:03] [[32minfo[39m]: Server listening on 3000
[2025-11-01 14:04:09] [[32minfo[39m]: Server listening on 3000
[2025-11-01 14:04:47] [[32minfo[39m]: Server listening on 3000
[2025-11-01 14:05:12] [[32minfo[39m]: Server listening on 3000
[2025-11-01 14:05:21] [[32minfo[39m]: Server listening on 3000
[2025-11-01 14:05:24] [[32minfo[39m]: Server listening on 3000
[2025-11-01 14:32:57] [[32minfo[39m]: Server listening on 3000
[2025-11-01 14:42:55] [[32minfo[39m]: Server listening on 3000
[2025-11-02 10:18:45] [[32minfo[39m]: Server listening on 3000
[2025-11-02 11:01:10] [[32minfo[39m]: GET /wallets - 4 rekord(s) sent. |16ms
[2025-11-02 11:01:10] [[32minfo[39m]: GET /wallets - 4 rekord(s) sent. |1ms
[2025-11-02 11:02:44] [[32minfo[39m]: GET /wallets - 4 rekord(s) sent. |5ms
[2025-11-02 11:03:17] [[32minfo[39m]: GET /wallets - 4 rekord(s) sent. |1ms
[2025-11-02 11:03:38] [[32minfo[39m]: GET /wallets - 4 rekord(s) sent. |1ms
[2025-11-02 11:04:01] [[32minfo[39m]: GET /wallets - 4 rekord(s) sent. |1ms
[2025-11-02 11:04:05] [[32minfo[39m]: GET /wallets - 4 rekord(s) sent. |1ms
[2025-11-02 11:04:08] [[32minfo[39m]: GET /wallets - 4 rekord(s) sent. |2ms
[2025-11-02 11:04:23] [[32minfo[39m]: GET /wallets - 4 rekord(s) sent. |2ms
[2025-11-02 11:05:15] [[32minfo[39m]: GET /wallets - 4 rekord(s) sent. |1ms
[2025-11-02 11:06:22] [[32minfo[39m]: GET /wallets - 4 rekord(s) sent. |2ms
[2025-11-02 11:06:33] [[32minfo[39m]: GET /wallets - 4 rekord(s) sent. |6ms
[2025-11-02 11:07:37] [[32minfo[39m]: GET /wallets - 4 rekord(s) sent. |1ms
[2025-11-02 11:07:47] [[32minfo[39m]: GET /wallets - 4 rekord(s) sent. |1ms
[2025-11-02 11:09:14] [[32minfo[39m]: GET /wallets - 4 rekord(s) sent. |6ms
[2025-11-02 11:09:19] [[32minfo[39m]: GET /wallets - 4 rekord(s) sent. |1ms
[2025-11-02 11:09:29] [[32minfo[39m]: GET /wallets - 4 rekord(s) sent. |1ms
[2025-11-02 11:09:54] [[32minfo[39m]: GET /wallets - 4 rekord(s) sent. |7ms
[2025-11-02 11:09:56] [[32minfo[39m]: GET /wallets - 4 rekord(s) sent. |1ms
[2025-11-02 11:10:06] [[32minfo[39m]: GET /wallets - 4 rekord(s) sent. |1ms
[2025-11-02 11:10:07] [[32minfo[39m]: GET /wallets - 4 rekord(s) sent. |2ms
[2025-11-02 11:10:43] [[32minfo[39m]: GET /wallets - 4 rekord(s) sent. |4ms
[2025-11-02 11:10:43] [[32minfo[39m]: GET /transactions - 10 rekord(s) sent. |5ms
[2025-11-02 11:11:21] [[32minfo[39m]: GET /transactions - 10 rekord(s) sent. |5ms
[2025-11-02 11:11:21] [[32minfo[39m]: GET /wallets - 4 rekord(s) sent. |10ms
[2025-11-02 11:11:51] [[32minfo[39m]: GET /wallets - 4 rekord(s) sent. |1ms
[2025-11-02 11:11:51] [[32minfo[39m]: GET /transactions - 10 rekord(s) sent. |3ms
[2025-11-02 11:12:07] [[32minfo[39m]: GET /wallets - 4 rekord(s) sent. |1ms
[2025-11-02 11:12:07] [[32minfo[39m]: GET /transactions - 10 rekord(s) sent. |1ms
[2025-11-02 11:12:18] [[32minfo[39m]: GET /wallets - 4 rekord(s) sent. |2ms
[2025-11-02 11:12:18] [[32minfo[39m]: GET /transactions - 10 rekord(s) sent. |3ms
[2025-11-02 11:12:27] [[32minfo[39m]: GET /wallets - 4 rekord(s) sent. |2ms
[2025-11-02 11:12:27] [[32minfo[39m]: GET /transactions - 10 rekord(s) sent. |2ms
[2025-11-02 11:12:37] [[32minfo[39m]: GET /wallets - 4 rekord(s) sent. |3ms
[2025-11-02 11:12:37] [[32minfo[39m]: GET /transactions - 10 rekord(s) sent. |4ms
[2025-11-02 11:12:49] [[32minfo[39m]: GET /transactions - 10 rekord(s) sent. |3ms
[2025-11-02 11:12:49] [[32minfo[39m]: GET /wallets - 4 rekord(s) sent. |5ms
[2025-11-02 11:13:01] [[32minfo[39m]: GET /wallets - 4 rekord(s) sent. |2ms
[2025-11-02 11:13:01] [[32minfo[39m]: GET /transactions - 10 rekord(s) sent. |3ms
[2025-11-02 11:13:12] [[32minfo[39m]: GET /wallets - 4 rekord(s) sent. |2ms
[2025-11-02 11:13:12] [[32minfo[39m]: GET /transactions - 10 rekord(s) sent. |2ms
[2025-11-02 11:13:15] [[32minfo[39m]: GET /wallets - 4 rekord(s) sent. |1ms
[2025-11-02 11:13:15] [[32minfo[39m]: GET /transactions - 10 rekord(s) sent. |2ms
[2025-11-02 11:13:31] [[32minfo[39m]: GET /wallets - 4 rekord(s) sent. |3ms
[2025-11-02 11:13:31] [[32minfo[39m]: GET /transactions - 10 rekord(s) sent. |4ms
[2025-11-02 11:13:46] [[32minfo[39m]: GET /wallets - 4 rekord(s) sent. |2ms
[2025-11-02 11:13:46] [[32minfo[39m]: GET /transactions - 10 rekord(s) sent. |3ms
[2025-11-02 11:14:00] [[32minfo[39m]: GET /wallets - 4 rekord(s) sent. |4ms
[2025-11-02 11:14:00] [[32minfo[39m]: GET /transactions - 10 rekord(s) sent. |4ms
[2025-11-02 11:16:14] [[32minfo[39m]: GET /wallets - 4 rekord(s) sent. |1ms
[2025-11-02 11:16:14] [[32minfo[39m]: GET /transactions - 10 rekord(s) sent. |1ms
[2025-11-02 11:16:18] [[32minfo[39m]: GET /wallets - 4 rekord(s) sent. |3ms
[2025-11-02 11:16:18] [[32minfo[39m]: GET /transactions - 10 rekord(s) sent. |3ms
[2025-11-02 11:16:28] [[32minfo[39m]: GET /wallets - 4 rekord(s) sent. |2ms
[2025-11-02 11:16:28] [[32minfo[39m]: GET /transactions - 10 rekord(s) sent. |2ms
[2025-11-02 11:16:37] [[32minfo[39m]: GET /wallets - 4 rekord(s) sent. |1ms
[2025-11-02 11:16:37] [[32minfo[39m]: GET /transactions - 10 rekord(s) sent. |2ms
[2025-11-02 11:16:47] [[32minfo[39m]: GET /wallets - 4 rekord(s) sent. |2ms
[2025-11-02 11:16:47] [[32minfo[39m]: GET /transactions - 10 rekord(s) sent. |2ms
[2025-11-02 11:16:52] [[32minfo[39m]: GET /wallets - 4 rekord(s) sent. |3ms
[2025-11-02 11:16:52] [[32minfo[39m]: GET /transactions - 10 rekord(s) sent. |3ms
[2025-11-02 11:16:56] [[32minfo[39m]: GET /wallets - 4 rekord(s) sent. |2ms
[2025-11-02 11:16:56] [[32minfo[39m]: GET /transactions - 10 rekord(s) sent. |2ms
[2025-11-02 11:17:08] [[32minfo[39m]: GET /wallets - 4 rekord(s) sent. |1ms
[2025-11-02 11:17:08] [[32minfo[39m]: GET /transactions - 10 rekord(s) sent. |2ms
[2025-11-02 11:19:06] [[32minfo[39m]: GET /transactions - 10 rekord(s) sent. |1ms
[2025-11-02 11:19:06] [[32minfo[39m]: GET /wallets - 4 rekord(s) sent. |4ms
[2025-11-02 11:19:23] [[32minfo[39m]: GET /wallets - 4 rekord(s) sent. |1ms
[2025-11-02 11:19:23] [[32minfo[39m]: GET /transactions - 10 rekord(s) sent. |2ms
[2025-11-02 11:21:11] [[32minfo[39m]: GET /wallets - 4 rekord(s) sent. |1ms
[2025-11-02 11:21:11] [[32minfo[39m]: GET /transactions - 10 rekord(s) sent. |1ms
[2025-11-02 11:25:43] [[32minfo[39m]: GET /wallets - 4 rekord(s) sent. |1ms
[2025-11-02 11:25:43] [[32minfo[39m]: GET /transactions - 10 rekord(s) sent. |1ms
[2025-11-02 11:26:00] [[32minfo[39m]: GET /wallets - 4 rekord(s) sent. |1ms
[2025-11-02 11:26:00] [[32minfo[39m]: GET /transactions - 10 rekord(s) sent. |1ms
[2025-11-02 11:26:56] [[32minfo[39m]: GET /wallets - 4 rekord(s) sent. |4ms
[2025-11-02 11:26:56] [[32minfo[39m]: GET /transactions - 10 rekord(s) sent. |3ms
[2025-11-02 11:27:04] [[32minfo[39m]: GET /wallets - 4 rekord(s) sent. |2ms
[2025-11-02 11:27:04] [[32minfo[39m]: GET /transactions - 10 rekord(s) sent. |3ms
[2025-11-02 11:27:07] [[32minfo[39m]: GET /wallets - 4 rekord(s) sent. |3ms
[2025-11-02 11:27:07] [[32minfo[39m]: GET /transactions - 10 rekord(s) sent. |3ms
[2025-11-02 11:27:10] [[32minfo[39m]: DELETE /transactions/1 - 1 rekord(s) affected. |3ms
[2025-11-02 11:27:10] [[32minfo[39m]: GET /transactions - 9 rekord(s) sent. |1ms
[2025-11-02 11:27:12] [[32minfo[39m]: GET /wallets - 4 rekord(s) sent. |1ms
[2025-11-02 11:27:12] [[32minfo[39m]: GET /transactions - 9 rekord(s) sent. |2ms
[2025-11-02 11:27:42] [[32minfo[39m]: GET /wallets - 4 rekord(s) sent. |3ms
[2025-11-02 11:27:42] [[32minfo[39m]: GET /transactions - 9 rekord(s) sent. |9ms
[2025-11-02 11:27:45] [[32minfo[39m]: GET /transactions - 9 rekord(s) sent. |1ms
[2025-11-02 11:28:07] [[32minfo[39m]: GET /wallets - 4 rekord(s) sent. |4ms
[2025-11-02 11:28:07] [[32minfo[39m]: GET /transactions - 9 rekord(s) sent. |6ms
[2025-11-02 11:28:08] [[32minfo[39m]: GET /transactions - 9 rekord(s) sent. |1ms
[2025-11-02 11:28:09] [[32minfo[39m]: GET /transactions - 9 rekord(s) sent. |1ms
[2025-11-02 11:28:30] [[32minfo[39m]: GET /wallets - 4 rekord(s) sent. |1ms
[2025-11-02 11:28:30] [[32minfo[39m]: GET /transactions - 9 rekord(s) sent. |4ms
[2025-11-02 11:28:34] [[32minfo[39m]: GET /transactions - 9 rekord(s) sent. |2ms
[2025-11-02 11:28:34] [[32minfo[39m]: GET /transactions - 9 rekord(s) sent. |1ms
[2025-11-02 11:28:48] [[32minfo[39m]: GET /wallets - 4 rekord(s) sent. |2ms
[2025-11-02 11:28:48] [[32minfo[39m]: GET /transactions - 9 rekord(s) sent. |3ms
[2025-11-02 11:28:51] [[32minfo[39m]: GET /transactions - 9 rekord(s) sent. |2ms
[2025-11-02 11:28:51] [[32minfo[39m]: GET /transactions - 9 rekord(s) sent. |2ms
[2025-11-02 11:28:51] [[32minfo[39m]: GET /transactions - 9 rekord(s) sent. |2ms
[2025-11-02 11:28:51] [[32minfo[39m]: GET /transactions - 9 rekord(s) sent. |3ms
[2025-11-02 11:28:52] [[32minfo[39m]: GET /transactions - 9 rekord(s) sent. |1ms
[2025-11-02 11:28:52] [[32minfo[39m]: GET /transactions - 9 rekord(s) sent. |2ms
[2025-11-02 11:28:53] [[32minfo[39m]: GET /transactions - 9 rekord(s) sent. |1ms
[2025-11-02 11:28:53] [[32minfo[39m]: GET /transactions - 9 rekord(s) sent. |1ms
[2025-11-02 11:29:11] [[32minfo[39m]: GET /wallets - 4 rekord(s) sent. |2ms
[2025-11-02 11:29:11] [[32minfo[39m]: GET /transactions - 9 rekord(s) sent. |2ms
[2025-11-02 11:29:11] [[32minfo[39m]: GET /transactions - 9 rekord(s) sent. |1ms
[2025-11-02 11:29:12] [[32minfo[39m]: GET /transactions - 9 rekord(s) sent. |1ms
[2025-11-02 11:29:12] [[32minfo[39m]: GET /transactions - 9 rekord(s) sent. |1ms
[2025-11-02 11:29:13] [[32minfo[39m]: GET /transactions - 9 rekord(s) sent. |1ms
[2025-11-02 11:29:39] [[32minfo[39m]: GET /transactions - 9 rekord(s) sent. |2ms
[2025-11-02 11:29:39] [[32minfo[39m]: GET /wallets - 4 rekord(s) sent. |3ms
[2025-11-02 11:29:42] [[32minfo[39m]: GET /transactions - 9 rekord(s) sent. |1ms
[2025-11-02 11:29:42] [[32minfo[39m]: GET /transactions - 9 rekord(s) sent. |1ms
[2025-11-02 11:29:43] [[32minfo[39m]: GET /transactions - 9 rekord(s) sent. |1ms
[2025-11-02 11:29:43] [[32minfo[39m]: GET /transactions - 9 rekord(s) sent. |1ms
[2025-11-02 11:29:43] [[32minfo[39m]: GET /transactions - 9 rekord(s) sent. |2ms
[2025-11-02 11:29:43] [[32minfo[39m]: GET /transactions - 9 rekord(s) sent. |3ms
[2025-11-02 11:29:48] [[32minfo[39m]: GET /wallets - 4 rekord(s) sent. |5ms
[2025-11-02 11:29:48] [[32minfo[39m]: GET /transactions - 9 rekord(s) sent. |4ms
[2025-11-02 11:29:59] [[32minfo[39m]: GET /transactions - 9 rekord(s) sent. |1ms
[2025-11-02 11:30:01] [[32minfo[39m]: GET /transactions - 9 rekord(s) sent. |1ms
[2025-11-02 11:30:02] [[32minfo[39m]: GET /transactions - 9 rekord(s) sent. |2ms
[2025-11-02 11:30:05] [[32minfo[39m]: GET /transactions - 9 rekord(s) sent. |1ms
[2025-11-02 11:31:14] [[32minfo[39m]: GET /wallets - 4 rekord(s) sent. |7ms
[2025-11-02 11:31:14] [[32minfo[39m]: GET /transactions - 9 rekord(s) sent. |4ms
[2025-11-02 11:34:41] [[32minfo[39m]: GET /wallets - 4 rekord(s) sent. |1ms
[2025-11-02 11:34:41] [[32minfo[39m]: GET /transactions - 9 rekord(s) sent. |2ms
[2025-11-02 11:59:00] [[32minfo[39m]: Server listening on 3000
[2025-11-02 11:59:19] [[32minfo[39m]: GET /categories - 15 rekord(s) sent. |23ms
[2025-11-02 11:59:19] [[32minfo[39m]: GET /wallets - 4 rekord(s) sent. |2ms
[2025-11-02 11:59:19] [[32minfo[39m]: GET /transactions - 9 rekord(s) sent. |1ms
[2025-11-02 18:27:08] [[32minfo[39m]: Server listening on 3000
[2025-11-02 18:27:33] [[32minfo[39m]: GET /transactions - 9 rekord(s) sent. |7ms
[2025-11-02 18:27:33] [[32minfo[39m]: GET /wallets - 4 rekord(s) sent. |37ms
[2025-11-02 18:27:34] [[32minfo[39m]: GET /categories - 15 rekord(s) sent. |1ms
[2025-11-02 18:27:35] [[32minfo[39m]: GET /wallets - 4 rekord(s) sent. |1ms
[2025-11-02 18:27:35] [[32minfo[39m]: GET /transactions - 9 rekord(s) sent. |1ms
[2025-11-02 18:27:42] [[32minfo[39m]: GET /transactions - 9 rekord(s) sent. |1ms
[2025-11-02 18:27:43] [[32minfo[39m]: GET /transactions - 9 rekord(s) sent. |2ms
[2025-11-02 18:27:44] [[32minfo[39m]: GET /transactions - 9 rekord(s) sent. |1ms
[2025-11-02 18:28:51] [[32minfo[39m]: GET /wallets - 4 rekord(s) sent. |4ms
[2025-11-02 18:28:51] [[32minfo[39m]: GET /transactions - 9 rekord(s) sent. |6ms
[2025-11-02 18:29:01] [[32minfo[39m]: GET /wallets - 4 rekord(s) sent. |1ms
[2025-11-02 18:29:01] [[32minfo[39m]: GET /transactions - 9 rekord(s) sent. |1ms
[2025-11-02 18:29:40] [[32minfo[39m]: GET /wallets - 4 rekord(s) sent. |2ms
[2025-11-02 18:29:40] [[32minfo[39m]: GET /transactions - 9 rekord(s) sent. |3ms
[2025-11-02 18:29:48] [[32minfo[39m]: GET /wallets - 4 rekord(s) sent. |1ms
[2025-11-02 18:29:48] [[32minfo[39m]: GET /transactions - 9 rekord(s) sent. |1ms
[2025-11-02 18:31:30] [[32minfo[39m]: Server listening on 3000
[2025-11-02 18:33:28] [[32minfo[39m]: GET /wallets/1 - 2 rekord(s) sent. |17ms
[2025-11-02 18:33:28] [[32minfo[39m]: GET /transactions/1 - 3 rekord(s) sent. |1ms
[2025-11-02 18:33:45] [[32minfo[39m]: GET /wallets/1 - 2 rekord(s) sent. |0ms
[2025-11-02 18:33:45] [[32minfo[39m]: GET /transactions/1 - 3 rekord(s) sent. |7ms
[2025-11-02 18:33:48] [[32minfo[39m]: GET /wallets/1 - 2 rekord(s) sent. |1ms
[2025-11-02 18:33:48] [[32minfo[39m]: GET /transactions/1 - 3 rekord(s) sent. |4ms
[2025-11-02 18:34:44] [[32minfo[39m]: GET /wallets/1 - 2 rekord(s) sent. |2ms
[2025-11-02 18:34:44] [[32minfo[39m]: GET /transactions/1 - 3 rekord(s) sent. |1ms
[2025-11-02 18:35:10] [[32minfo[39m]: GET /wallets/1 - 2 rekord(s) sent. |1ms
[2025-11-02 18:35:10] [[32minfo[39m]: GET /transactions/1 - 3 rekord(s) sent. |1ms
[2025-11-02 18:35:13] [[32minfo[39m]: GET /wallets/1 - 2 rekord(s) sent. |1ms
[2025-11-02 18:35:13] [[32minfo[39m]: GET /transactions/1 - 3 rekord(s) sent. |2ms
[2025-11-02 18:35:15] [[32minfo[39m]: GET /wallets/1 - 2 rekord(s) sent. |1ms
[2025-11-02 18:35:15] [[32minfo[39m]: GET /transactions/1 - 3 rekord(s) sent. |1ms
[2025-11-02 18:35:59] [[32minfo[39m]: GET /transactions/1 - 3 rekord(s) sent. |7ms
[2025-11-02 18:36:03] [[32minfo[39m]: GET /wallets/balance/1 - 2 rekord(s) sent. |1ms
[2025-11-02 18:36:03] [[32minfo[39m]: GET /transactions/1 - 3 rekord(s) sent. |1ms
[2025-11-02 18:36:05] [[32minfo[39m]: GET /wallets/balance/1 - 2 rekord(s) sent. |1ms
[2025-11-02 18:36:05] [[32minfo[39m]: GET /transactions/1 - 3 rekord(s) sent. |2ms
[2025-11-02 18:36:06] [[32minfo[39m]: GET /wallets/balance/1 - 2 rekord(s) sent. |2ms
[2025-11-02 18:36:06] [[32minfo[39m]: GET /transactions/1 - 3 rekord(s) sent. |3ms
[2025-11-02 18:37:02] [[32minfo[39m]: Server listening on 3000
[2025-11-02 18:37:05] [[32minfo[39m]: GET /transactions/1 - 3 rekord(s) sent. |8ms
[2025-11-02 18:37:05] [[32minfo[39m]: GET /wallets/balance/1 - 1 rekord(s) sent. |36ms
[2025-11-02 18:37:22] [[32minfo[39m]: GET /wallets/balance/1 - 1 rekord(s) sent. |2ms
[2025-11-02 18:37:22] [[32minfo[39m]: GET /transactions/1 - 3 rekord(s) sent. |2ms
[2025-11-02 18:37:26] [[32minfo[39m]: GET /wallets/balance/1 - 1 rekord(s) sent. |2ms
[2025-11-02 18:37:26] [[32minfo[39m]: GET /transactions/1 - 3 rekord(s) sent. |3ms
[2025-11-02 18:37:28] [[32minfo[39m]: GET /wallets/balance/1 - 1 rekord(s) sent. |1ms
[2025-11-02 18:37:28] [[32minfo[39m]: GET /transactions/1 - 3 rekord(s) sent. |1ms
[2025-11-02 18:37:55] [[32minfo[39m]: GET /wallets/balance/1 - 1 rekord(s) sent. |1ms
[2025-11-02 18:37:55] [[32minfo[39m]: GET /transactions/1 - 3 rekord(s) sent. |1ms
[2025-11-02 18:38:09] [[32minfo[39m]: GET /wallets/balance/1 - 1 rekord(s) sent. |2ms
[2025-11-02 18:38:09] [[32minfo[39m]: GET /transactions/1 - 3 rekord(s) sent. |1ms
[2025-11-02 18:38:15] [[32minfo[39m]: GET /wallets/balance/1 - 1 rekord(s) sent. |2ms
[2025-11-02 18:38:15] [[32minfo[39m]: GET /transactions/1 - 3 rekord(s) sent. |1ms
[2025-11-02 18:41:28] [[32minfo[39m]: GET /transactions/1 - 3 rekord(s) sent. |1ms
[2025-11-02 18:41:28] [[32minfo[39m]: GET /wallets/balance/1 - 1 rekord(s) sent. |7ms
[2025-11-02 18:41:40] [[32minfo[39m]: GET /wallets/balance/1 - 1 rekord(s) sent. |1ms
[2025-11-02 18:41:40] [[32minfo[39m]: GET /transactions/1 - 3 rekord(s) sent. |1ms
[2025-11-02 19:02:13] [[32minfo[39m]: GET /wallets/balance/0 - 1 rekord(s) sent. |1ms
[2025-11-02 19:02:13] [[32minfo[39m]: GET /transactions/1 - 3 rekord(s) sent. |2ms
[2025-11-02 19:03:11] [[32minfo[39m]: GET /wallets/balance/0 - 1 rekord(s) sent. |1ms
[2025-11-02 19:03:11] [[32minfo[39m]: GET /transactions/0 - 0 rekord(s) sent. |2ms
[2025-11-02 19:04:49] [[32minfo[39m]: GET /transactions/0 - 0 rekord(s) sent. |1ms
[2025-11-02 19:04:49] [[32minfo[39m]: GET /wallets/balance/0 - 1 rekord(s) sent. |2ms
[2025-11-02 19:05:42] [[32minfo[39m]: GET /wallets/balance/0 - 1 rekord(s) sent. |4ms
[2025-11-02 19:05:42] [[32minfo[39m]: GET /wallets/balance/0 - 1 rekord(s) sent. |4ms
[2025-11-02 19:05:42] [[32minfo[39m]: GET /wallets/1 - 2 rekord(s) sent. |6ms
[2025-11-02 19:05:42] [[32minfo[39m]: GET /transactions/0 - 0 rekord(s) sent. |9ms
[2025-11-02 19:05:43] [[32minfo[39m]: GET /wallets/balance/0 - 1 rekord(s) sent. |8ms
[2025-11-02 19:05:43] [[32minfo[39m]: GET /transactions/0 - 0 rekord(s) sent. |2ms
[2025-11-02 19:05:43] [[32minfo[39m]: GET /wallets/balance/0 - 1 rekord(s) sent. |5ms
[2025-11-02 19:05:43] [[32minfo[39m]: GET /wallets/1 - 2 rekord(s) sent. |8ms
[2025-11-02 19:07:00] [[32minfo[39m]: GET /wallets/balance/0 - 1 rekord(s) sent. |4ms
[2025-11-02 19:07:00] [[32minfo[39m]: GET /transactions/0 - 0 rekord(s) sent. |1ms
[2025-11-02 19:07:00] [[32minfo[39m]: GET /wallets/1 - 2 rekord(s) sent. |1ms
[2025-11-02 19:07:00] [[32minfo[39m]: GET /wallets/balance/0 - 1 rekord(s) sent. |1ms
[2025-11-02 19:07:14] [[32minfo[39m]: GET /wallets/balance/0 - 1 rekord(s) sent. |6ms
[2025-11-02 19:07:14] [[32minfo[39m]: GET /transactions/0 - 0 rekord(s) sent. |4ms
[2025-11-02 19:07:14] [[32minfo[39m]: GET /wallets/1 - 2 rekord(s) sent. |4ms
[2025-11-02 19:07:14] [[32minfo[39m]: GET /wallets/balance/0 - 1 rekord(s) sent. |3ms
[2025-11-02 19:07:28] [[32minfo[39m]: GET /wallets/balance/0 - 1 rekord(s) sent. |1ms
[2025-11-02 19:07:28] [[32minfo[39m]: GET /wallets/1 - 2 rekord(s) sent. |2ms
[2025-11-02 19:07:28] [[32minfo[39m]: GET /transactions/0 - 0 rekord(s) sent. |1ms
[2025-11-02 19:07:28] [[32minfo[39m]: GET /wallets/balance/0 - 1 rekord(s) sent. |2ms
[2025-11-02 19:11:12] [[32minfo[39m]: GET /wallets/balance/0 - 1 rekord(s) sent. |2ms
[2025-11-02 19:11:12] [[32minfo[39m]: GET /transactions/0 - 0 rekord(s) sent. |2ms
[2025-11-02 19:11:12] [[32minfo[39m]: GET /wallets/1 - 2 rekord(s) sent. |1ms
[2025-11-02 19:11:12] [[32minfo[39m]: GET /wallets/balance/0 - 1 rekord(s) sent. |1ms
[2025-11-02 19:11:27] [[32minfo[39m]: GET /wallets/balance/0 - 1 rekord(s) sent. |2ms
[2025-11-02 19:11:27] [[32minfo[39m]: GET /transactions/0 - 0 rekord(s) sent. |1ms
[2025-11-02 19:11:27] [[32minfo[39m]: GET /wallets/1 - 2 rekord(s) sent. |1ms
[2025-11-02 19:11:27] [[32minfo[39m]: GET /wallets/balance/0 - 1 rekord(s) sent. |1ms
[2025-11-02 19:11:48] [[32minfo[39m]: GET /wallets/balance/0 - 1 rekord(s) sent. |3ms
[2025-11-02 19:11:48] [[32minfo[39m]: GET /transactions/0 - 0 rekord(s) sent. |1ms
[2025-11-02 19:11:48] [[32minfo[39m]: GET /wallets/1 - 2 rekord(s) sent. |1ms
[2025-11-02 19:11:48] [[32minfo[39m]: GET /wallets/balance/0 - 1 rekord(s) sent. |2ms
[2025-11-02 19:11:51] [[32minfo[39m]: GET /wallets/balance/0 - 1 rekord(s) sent. |2ms
[2025-11-02 19:11:51] [[32minfo[39m]: GET /transactions/0 - 0 rekord(s) sent. |3ms
[2025-11-02 19:11:51] [[32minfo[39m]: GET /wallets/1 - 2 rekord(s) sent. |3ms
[2025-11-02 19:11:51] [[32minfo[39m]: GET /wallets/balance/0 - 1 rekord(s) sent. |3ms
[2025-11-02 19:11:54] [[32minfo[39m]: GET /wallets/balance/0 - 1 rekord(s) sent. |1ms
[2025-11-02 19:11:54] [[32minfo[39m]: GET /transactions/0 - 0 rekord(s) sent. |4ms
[2025-11-02 19:11:54] [[32minfo[39m]: GET /wallets/1 - 2 rekord(s) sent. |3ms
[2025-11-02 19:11:54] [[32minfo[39m]: GET /wallets/balance/0 - 1 rekord(s) sent. |1ms
[2025-11-02 19:12:53] [[32minfo[39m]: GET /wallets/balance/1 - 1 rekord(s) sent. |9ms
[2025-11-02 19:12:53] [[32minfo[39m]: GET /wallets/1 - 2 rekord(s) sent. |6ms
[2025-11-02 19:12:53] [[32minfo[39m]: GET /wallets/balance/1 - 1 rekord(s) sent. |8ms
[2025-11-02 19:12:53] [[32minfo[39m]: GET /transactions/1 - 3 rekord(s) sent. |9ms
[2025-11-02 19:13:15] [[32minfo[39m]: GET /wallets/balance/1 - 1 rekord(s) sent. |3ms
[2025-11-02 19:13:15] [[32minfo[39m]: GET /wallets/1 - 2 rekord(s) sent. |10ms
[2025-11-02 19:13:15] [[32minfo[39m]: GET /transactions/1 - 3 rekord(s) sent. |13ms
[2025-11-02 19:13:15] [[32minfo[39m]: GET /wallets/balance/1 - 1 rekord(s) sent. |12ms
[2025-11-02 19:13:26] [[32minfo[39m]: GET /wallets/balance/1 - 1 rekord(s) sent. |5ms
[2025-11-02 19:13:26] [[32minfo[39m]: GET /transactions/1 - 3 rekord(s) sent. |5ms
[2025-11-02 19:13:26] [[32minfo[39m]: GET /wallets/balance/1 - 1 rekord(s) sent. |6ms
[2025-11-02 19:13:26] [[32minfo[39m]: GET /wallets/1 - 2 rekord(s) sent. |8ms
[2025-11-02 19:15:53] [[32minfo[39m]: GET /wallets/balance/1 - 1 rekord(s) sent. |6ms
[2025-11-02 19:15:53] [[32minfo[39m]: GET /transactions/1 - 3 rekord(s) sent. |2ms
[2025-11-02 19:15:53] [[32minfo[39m]: GET /wallets/1 - 2 rekord(s) sent. |9ms
[2025-11-02 19:15:53] [[32minfo[39m]: GET /wallets/balance/1 - 1 rekord(s) sent. |10ms
[2025-11-02 19:16:58] [[32minfo[39m]: GET /wallets/balance/1 - 1 rekord(s) sent. |1ms
[2025-11-02 19:16:58] [[32minfo[39m]: GET /transactions/1 - 3 rekord(s) sent. |2ms
[2025-11-02 19:16:58] [[32minfo[39m]: GET /wallets/1 - 2 rekord(s) sent. |2ms
[2025-11-02 19:16:58] [[32minfo[39m]: GET /wallets/balance/1 - 1 rekord(s) sent. |3ms
[2025-11-02 19:17:26] [[32minfo[39m]: GET /wallets/1 - 2 rekord(s) sent. |2ms
[2025-11-02 19:17:26] [[32minfo[39m]: GET /wallets/balance/1 - 1 rekord(s) sent. |5ms
[2025-11-02 19:17:26] [[32minfo[39m]: GET /transactions/1 - 3 rekord(s) sent. |6ms
[2025-11-02 19:17:26] [[32minfo[39m]: GET /wallets/balance/1 - 1 rekord(s) sent. |7ms
[2025-11-02 19:17:27] [[32minfo[39m]: GET /transactions/5 - 0 rekord(s) sent. |2ms
[2025-11-02 19:17:27] [[32minfo[39m]: GET /wallets/1 - 2 rekord(s) sent. |3ms
[2025-11-02 19:17:27] [[32minfo[39m]: GET /wallets/balance/5 - 1 rekord(s) sent. |3ms
[2025-11-02 19:17:29] [[32minfo[39m]: GET /transactions/1 - 3 rekord(s) sent. |2ms
[2025-11-02 19:17:29] [[32minfo[39m]: GET /wallets/1 - 2 rekord(s) sent. |3ms
[2025-11-02 19:17:29] [[32minfo[39m]: GET /wallets/balance/1 - 1 rekord(s) sent. |3ms
[2025-11-02 19:17:29] [[32minfo[39m]: GET /transactions/5 - 0 rekord(s) sent. |2ms
[2025-11-02 19:17:29] [[32minfo[39m]: GET /wallets/1 - 2 rekord(s) sent. |2ms
[2025-11-02 19:17:29] [[32minfo[39m]: GET /wallets/balance/5 - 1 rekord(s) sent. |3ms
[2025-11-02 19:17:30] [[32minfo[39m]: GET /transactions/1 - 3 rekord(s) sent. |2ms
[2025-11-02 19:17:30] [[32minfo[39m]: GET /wallets/1 - 2 rekord(s) sent. |6ms
[2025-11-02 19:17:30] [[32minfo[39m]: GET /wallets/balance/1 - 1 rekord(s) sent. |9ms
[2025-11-02 19:18:42] [[32minfo[39m]: GET /wallets/balance/1 - 1 rekord(s) sent. |3ms
[2025-11-02 19:18:42] [[32minfo[39m]: GET /wallets/1 - 2 rekord(s) sent. |4ms
[2025-11-02 19:18:42] [[32minfo[39m]: GET /transactions/1 - 3 rekord(s) sent. |5ms
[2025-11-02 19:18:42] [[32minfo[39m]: GET /wallets/balance/1 - 1 rekord(s) sent. |6ms
[2025-11-02 19:18:42] [[32minfo[39m]: GET /transactions/5 - 1 rekord(s) sent. |2ms
[2025-11-02 19:18:42] [[32minfo[39m]: GET /wallets/1 - 2 rekord(s) sent. |3ms
[2025-11-02 19:18:42] [[32minfo[39m]: GET /wallets/balance/5 - 1 rekord(s) sent. |3ms
[2025-11-02 19:18:44] [[32minfo[39m]: GET /transactions/1 - 3 rekord(s) sent. |1ms
[2025-11-02 19:18:44] [[32minfo[39m]: GET /wallets/1 - 2 rekord(s) sent. |2ms
[2025-11-02 19:18:44] [[32minfo[39m]: GET /wallets/balance/1 - 1 rekord(s) sent. |3ms
[2025-11-02 19:18:45] [[32minfo[39m]: GET /transactions/5 - 1 rekord(s) sent. |1ms
[2025-11-02 19:18:45] [[32minfo[39m]: GET /wallets/1 - 2 rekord(s) sent. |2ms
[2025-11-02 19:18:45] [[32minfo[39m]: GET /wallets/balance/5 - 1 rekord(s) sent. |3ms
[2025-11-02 19:18:46] [[32minfo[39m]: GET /wallets/1 - 2 rekord(s) sent. |2ms
[2025-11-02 19:18:46] [[32minfo[39m]: GET /transactions/1 - 3 rekord(s) sent. |3ms
[2025-11-02 19:18:46] [[32minfo[39m]: GET /wallets/balance/1 - 1 rekord(s) sent. |3ms
[2025-11-02 19:18:47] [[32minfo[39m]: GET /transactions/5 - 1 rekord(s) sent. |1ms
[2025-11-02 19:18:47] [[32minfo[39m]: GET /wallets/1 - 2 rekord(s) sent. |2ms
[2025-11-02 19:18:47] [[32minfo[39m]: GET /wallets/balance/5 - 1 rekord(s) sent. |3ms
[2025-11-02 19:18:48] [[32minfo[39m]: GET /transactions/1 - 3 rekord(s) sent. |2ms
[2025-11-02 19:18:48] [[32minfo[39m]: GET /wallets/1 - 2 rekord(s) sent. |3ms
[2025-11-02 19:18:48] [[32minfo[39m]: GET /wallets/balance/1 - 1 rekord(s) sent. |3ms
[2025-11-02 19:18:49] [[32minfo[39m]: GET /transactions/5 - 1 rekord(s) sent. |2ms
[2025-11-02 19:18:49] [[32minfo[39m]: GET /wallets/1 - 2 rekord(s) sent. |3ms
[2025-11-02 19:18:49] [[32minfo[39m]: GET /wallets/balance/5 - 1 rekord(s) sent. |3ms
[2025-11-02 19:18:50] [[32minfo[39m]: GET /wallets/1 - 2 rekord(s) sent. |1ms
[2025-11-02 19:18:50] [[32minfo[39m]: GET /transactions/1 - 3 rekord(s) sent. |3ms
[2025-11-02 19:18:50] [[32minfo[39m]: GET /wallets/balance/1 - 1 rekord(s) sent. |3ms
[2025-11-02 19:18:51] [[32minfo[39m]: GET /transactions/5 - 1 rekord(s) sent. |2ms
[2025-11-02 19:18:51] [[32minfo[39m]: GET /wallets/1 - 2 rekord(s) sent. |3ms
[2025-11-02 19:18:51] [[32minfo[39m]: GET /wallets/balance/5 - 1 rekord(s) sent. |3ms
[2025-11-02 19:18:52] [[32minfo[39m]: GET /transactions/1 - 3 rekord(s) sent. |2ms
[2025-11-02 19:18:52] [[32minfo[39m]: GET /wallets/1 - 2 rekord(s) sent. |2ms
[2025-11-02 19:18:52] [[32minfo[39m]: GET /wallets/balance/1 - 1 rekord(s) sent. |3ms
[2025-11-02 19:18:55] [[32minfo[39m]: GET /transactions/5 - 1 rekord(s) sent. |1ms
[2025-11-02 19:18:55] [[32minfo[39m]: GET /wallets/1 - 2 rekord(s) sent. |2ms
[2025-11-02 19:18:55] [[32minfo[39m]: GET /wallets/balance/5 - 1 rekord(s) sent. |2ms
[2025-11-02 19:18:58] [[32minfo[39m]: GET /transactions/1 - 3 rekord(s) sent. |2ms
[2025-11-02 19:18:58] [[32minfo[39m]: GET /wallets/1 - 2 rekord(s) sent. |2ms
[2025-11-02 19:18:58] [[32minfo[39m]: GET /wallets/balance/1 - 1 rekord(s) sent. |2ms
[2025-11-02 19:19:18] [[32minfo[39m]: GET /wallets/balance/1 - 1 rekord(s) sent. |4ms
[2025-11-02 19:19:18] [[32minfo[39m]: GET /wallets/1 - 2 rekord(s) sent. |5ms
[2025-11-02 19:19:18] [[32minfo[39m]: GET /wallets/balance/1 - 1 rekord(s) sent. |5ms
[2025-11-02 19:19:18] [[32minfo[39m]: GET /transactions/1 - 3 rekord(s) sent. |5ms
[2025-11-02 19:19:20] [[32minfo[39m]: GET /transactions/1 - 3 rekord(s) sent. |1ms
[2025-11-02 19:19:20] [[32minfo[39m]: GET /wallets/1 - 2 rekord(s) sent. |3ms
[2025-11-02 19:19:20] [[32minfo[39m]: GET /wallets/balance/1 - 1 rekord(s) sent. |3ms
[2025-11-02 19:19:20] [[32minfo[39m]: GET /transactions/5 - 1 rekord(s) sent. |1ms
[2025-11-02 19:19:20] [[32minfo[39m]: GET /wallets/1 - 2 rekord(s) sent. |2ms
[2025-11-02 19:19:20] [[32minfo[39m]: GET /wallets/balance/5 - 1 rekord(s) sent. |3ms
[2025-11-02 19:19:21] [[32minfo[39m]: GET /transactions/1 - 3 rekord(s) sent. |1ms
[2025-11-02 19:19:21] [[32minfo[39m]: GET /wallets/1 - 2 rekord(s) sent. |2ms
[2025-11-02 19:19:21] [[32minfo[39m]: GET /wallets/balance/1 - 1 rekord(s) sent. |3ms
[2025-11-02 19:19:21] [[32minfo[39m]: GET /transactions/5 - 1 rekord(s) sent. |2ms
[2025-11-02 19:19:21] [[32minfo[39m]: GET /wallets/1 - 2 rekord(s) sent. |2ms
[2025-11-02 19:19:21] [[32minfo[39m]: GET /wallets/balance/5 - 1 rekord(s) sent. |2ms
[2025-11-02 19:19:23] [[32minfo[39m]: GET /transactions/1 - 3 rekord(s) sent. |2ms
[2025-11-02 19:19:23] [[32minfo[39m]: GET /wallets/1 - 2 rekord(s) sent. |3ms
[2025-11-02 19:19:23] [[32minfo[39m]: GET /wallets/balance/1 - 1 rekord(s) sent. |3ms
[2025-11-02 19:19:24] [[32minfo[39m]: GET /transactions/5 - 1 rekord(s) sent. |2ms
[2025-11-02 19:19:24] [[32minfo[39m]: GET /wallets/1 - 2 rekord(s) sent. |3ms
[2025-11-02 19:19:24] [[32minfo[39m]: GET /wallets/balance/5 - 1 rekord(s) sent. |3ms
[2025-11-02 19:19:27] [[32minfo[39m]: GET /transactions/5 - 1 rekord(s) sent. |2ms
[2025-11-02 19:19:27] [[32minfo[39m]: GET /wallets/1 - 2 rekord(s) sent. |3ms
[2025-11-02 19:19:27] [[32minfo[39m]: GET /wallets/balance/5 - 1 rekord(s) sent. |3ms
[2025-11-02 19:19:27] [[32minfo[39m]: GET /transactions/1 - 3 rekord(s) sent. |2ms
[2025-11-02 19:19:27] [[32minfo[39m]: GET /wallets/1 - 2 rekord(s) sent. |3ms
[2025-11-02 19:19:27] [[32minfo[39m]: GET /wallets/balance/1 - 1 rekord(s) sent. |4ms
[2025-11-02 19:21:12] [[32minfo[39m]: GET /wallets/balance/1 - 1 rekord(s) sent. |1ms
[2025-11-02 19:21:12] [[32minfo[39m]: GET /transactions/1 - 3 rekord(s) sent. |2ms
[2025-11-02 19:21:12] [[32minfo[39m]: GET /wallets/1 - 2 rekord(s) sent. |3ms
[2025-11-02 19:21:12] [[32minfo[39m]: GET /wallets/balance/1 - 1 rekord(s) sent. |3ms
[2025-11-02 19:21:29] [[32minfo[39m]: GET /transactions/1 - 3 rekord(s) sent. |4ms
[2025-11-02 19:21:29] [[32minfo[39m]: GET /wallets/balance/1 - 1 rekord(s) sent. |6ms
[2025-11-02 19:21:29] [[32minfo[39m]: GET /wallets/balance/1 - 1 rekord(s) sent. |6ms
[2025-11-02 19:21:29] [[32minfo[39m]: GET /wallets/1 - 2 rekord(s) sent. |7ms
[2025-11-02 19:21:49] [[32minfo[39m]: GET /wallets/balance/1 - 1 rekord(s) sent. |3ms
[2025-11-02 19:21:49] [[32minfo[39m]: GET /wallets/1 - 2 rekord(s) sent. |3ms
[2025-11-02 19:21:49] [[32minfo[39m]: GET /wallets/balance/1 - 1 rekord(s) sent. |4ms
[2025-11-02 19:21:49] [[32minfo[39m]: GET /transactions/1 - 3 rekord(s) sent. |4ms
[2025-11-02 19:21:50] [[32minfo[39m]: GET /transactions/1 - 3 rekord(s) sent. |2ms
[2025-11-02 19:21:50] [[32minfo[39m]: GET /wallets/1 - 2 rekord(s) sent. |3ms
[2025-11-02 19:21:50] [[32minfo[39m]: GET /wallets/balance/1 - 1 rekord(s) sent. |2ms
[2025-11-02 19:21:50] [[32minfo[39m]: GET /transactions/5 - 1 rekord(s) sent. |2ms
[2025-11-02 19:21:50] [[32minfo[39m]: GET /wallets/1 - 2 rekord(s) sent. |3ms
[2025-11-02 19:21:50] [[32minfo[39m]: GET /wallets/balance/5 - 1 rekord(s) sent. |3ms
[2025-11-02 19:21:51] [[32minfo[39m]: GET /wallets/1 - 2 rekord(s) sent. |2ms
[2025-11-02 19:21:51] [[32minfo[39m]: GET /transactions/1 - 3 rekord(s) sent. |2ms
[2025-11-02 19:21:51] [[32minfo[39m]: GET /wallets/balance/1 - 1 rekord(s) sent. |3ms
[2025-11-02 19:22:07] [[32minfo[39m]: GET /wallets/1 - 2 rekord(s) sent. |1ms
[2025-11-02 19:22:07] [[32minfo[39m]: GET /transactions/1 - 3 rekord(s) sent. |2ms
[2025-11-02 19:22:07] [[32minfo[39m]: GET /wallets/balance/1 - 1 rekord(s) sent. |1ms
[2025-11-02 19:22:07] [[32minfo[39m]: GET /wallets/balance/1 - 1 rekord(s) sent. |2ms
